

============================== 2022-11-15 17:08:21.908998 | 397dda72-8c9e-41d7-9b82-bbcaba4473eb ==============================
[0m17:08:21.909041 [info ] [MainThread]: Running with dbt=1.3.0
[0m17:08:21.910060 [debug] [MainThread]: running dbt with arguments {'write_json': True, 'use_colors': True, 'printer_width': 80, 'version_check': True, 'partial_parse': True, 'static_parser': True, 'profiles_dir': '/home/cadmin/.dbt', 'send_anonymous_usage_stats': True, 'event_buffer_size': 100000, 'quiet': False, 'no_print': False, 'skip_profile_setup': False, 'which': 'init', 'indirect_selection': 'eager'}
[0m17:08:21.910534 [debug] [MainThread]: Tracking: tracking
[0m17:08:21.941162 [debug] [MainThread]: Sending event: {'category': 'dbt', 'action': 'invocation', 'label': 'start', 'context': [<snowplow_tracker.self_describing_json.SelfDescribingJson object at 0xffff7fd80370>, <snowplow_tracker.self_describing_json.SelfDescribingJson object at 0xffff7fd802e0>, <snowplow_tracker.self_describing_json.SelfDescribingJson object at 0xffff7fd802b0>]}
[0m17:08:52.443461 [debug] [MainThread]: Starter project path: /home/cadmin/.local/lib/python3.8/site-packages/dbt/include/starter_project
[0m17:08:59.927913 [info ] [MainThread]: 
Your new dbt project "demodb" was created!

For more information on how to configure the profiles.yml file,
please consult the dbt documentation here:

  https://docs.getdbt.com/docs/configure-your-profile

One more thing:

Need help? Don't hesitate to reach out to us via GitHub issues or on Slack:

  https://community.getdbt.com/

Happy modeling!

[0m17:08:59.929093 [debug] [MainThread]: Sending event: {'category': 'dbt', 'action': 'invocation', 'label': 'end', 'context': [<snowplow_tracker.self_describing_json.SelfDescribingJson object at 0xffff7fd80280>, <snowplow_tracker.self_describing_json.SelfDescribingJson object at 0xffff7fd80430>, <snowplow_tracker.self_describing_json.SelfDescribingJson object at 0xffff7fd801f0>]}
[0m17:08:59.929895 [debug] [MainThread]: Flushing usage events


============================== 2022-12-05 01:11:05.535155 | 8ae22763-e864-4b1c-8058-24fcb0c53bc2 ==============================
[0m01:11:05.535179 [info ] [MainThread]: Running with dbt=1.3.1
[0m01:11:05.538559 [debug] [MainThread]: running dbt with arguments {'write_json': True, 'use_colors': True, 'printer_width': 80, 'version_check': True, 'partial_parse': True, 'static_parser': True, 'profiles_dir': '/Users/MiniBrownibite/.dbt', 'send_anonymous_usage_stats': True, 'event_buffer_size': 100000, 'quiet': False, 'no_print': False, 'config_dir': False, 'which': 'debug', 'indirect_selection': 'eager'}
[0m01:11:05.539038 [debug] [MainThread]: Tracking: tracking
[0m01:11:05.590552 [debug] [MainThread]: Sending event: {'category': 'dbt', 'action': 'invocation', 'label': 'start', 'context': [<snowplow_tracker.self_describing_json.SelfDescribingJson object at 0x10fc19630>, <snowplow_tracker.self_describing_json.SelfDescribingJson object at 0x10fc189a0>, <snowplow_tracker.self_describing_json.SelfDescribingJson object at 0x10fc52170>]}
[0m01:11:05.824539 [debug] [MainThread]: Executing "git --help"
[0m01:11:05.903898 [debug] [MainThread]: STDOUT: "b"usage: git [-v | --version] [-h | --help] [-C <path>] [-c <name>=<value>]\n           [--exec-path[=<path>]] [--html-path] [--man-path] [--info-path]\n           [-p | --paginate | -P | --no-pager] [--no-replace-objects] [--bare]\n           [--git-dir=<path>] [--work-tree=<path>] [--namespace=<name>]\n           [--super-prefix=<path>] [--config-env=<name>=<envvar>]\n           <command> [<args>]\n\nThese are common Git commands used in various situations:\n\nstart a working area (see also: git help tutorial)\n   clone     Clone a repository into a new directory\n   init      Create an empty Git repository or reinitialize an existing one\n\nwork on the current change (see also: git help everyday)\n   add       Add file contents to the index\n   mv        Move or rename a file, a directory, or a symlink\n   restore   Restore working tree files\n   rm        Remove files from the working tree and from the index\n\nexamine the history and state (see also: git help revisions)\n   bisect    Use binary search to find the commit that introduced a bug\n   diff      Show changes between commits, commit and working tree, etc\n   grep      Print lines matching a pattern\n   log       Show commit logs\n   show      Show various types of objects\n   status    Show the working tree status\n\ngrow, mark and tweak your common history\n   branch    List, create, or delete branches\n   commit    Record changes to the repository\n   merge     Join two or more development histories together\n   rebase    Reapply commits on top of another base tip\n   reset     Reset current HEAD to the specified state\n   switch    Switch branches\n   tag       Create, list, delete or verify a tag object signed with GPG\n\ncollaborate (see also: git help workflows)\n   fetch     Download objects and refs from another repository\n   pull      Fetch from and integrate with another repository or a local branch\n   push      Update remote refs along with associated objects\n\n'git help -a' and 'git help -g' list available subcommands and some\nconcept guides. See 'git help <command>' or 'git help <concept>'\nto read about a specific subcommand or concept.\nSee 'git help git' for an overview of the system.\n""
[0m01:11:05.905455 [debug] [MainThread]: STDERR: "b''"
[0m01:11:05.922055 [debug] [MainThread]: Acquiring new postgres connection "debug"
[0m01:11:05.923854 [debug] [MainThread]: Using postgres connection "debug"
[0m01:11:05.924280 [debug] [MainThread]: On debug: select 1 as id
[0m01:11:05.924606 [debug] [MainThread]: Opening a new connection, currently in state init
[0m01:11:06.350022 [debug] [MainThread]: SQL status: SELECT 1 in 0.43 seconds
[0m01:11:06.352964 [debug] [MainThread]: On debug: Close
[0m01:11:06.353925 [debug] [MainThread]: Sending event: {'category': 'dbt', 'action': 'invocation', 'label': 'end', 'context': [<snowplow_tracker.self_describing_json.SelfDescribingJson object at 0x10fd02980>, <snowplow_tracker.self_describing_json.SelfDescribingJson object at 0x10fd01db0>, <snowplow_tracker.self_describing_json.SelfDescribingJson object at 0x10fd03be0>]}
[0m01:11:06.354582 [debug] [MainThread]: Flushing usage events
[0m01:11:06.578922 [debug] [MainThread]: Connection 'debug' was properly closed.
